Flow report for Term_4_2
Fri Dec 07 20:14:12 2012
Quartus II 32-bit Version 12.1 Build 177 11/07/2012 SJ Web Edition


---------------------
; Table of Contents ;
---------------------
  1. Legal Notice
  2. Flow Summary
  3. Flow Settings
  4. Flow Non-Default Global Settings
  5. Flow Elapsed Time
  6. Flow OS Summary
  7. Flow Log



----------------
; Legal Notice ;
----------------
Copyright (C) 1991-2012 Altera Corporation
Your use of Altera Corporation's design tools, logic functions 
and other software and tools, and its AMPP partner logic 
functions, and any output files from any of the foregoing 
(including device programming or simulation files), and any 
associated documentation or information are expressly subject 
to the terms and conditions of the Altera Program License 
Subscription Agreement, Altera MegaCore Function License 
Agreement, or other applicable license agreement, including, 
without limitation, that your use is for the sole purpose of 
programming logic devices manufactured by Altera and sold by 
Altera or its authorized distributors.  Please refer to the 
applicable agreement for further details.



+-------------------------------------------------------------------------------+
; Flow Summary                                                                  ;
+------------------------------------+------------------------------------------+
; Flow Status                        ; Successful - Fri Dec 07 20:14:07 2012    ;
; Quartus II 32-bit Version          ; 12.1 Build 177 11/07/2012 SJ Web Edition ;
; Revision Name                      ; Term_4_2                                 ;
; Top-level Entity Name              ; DoorLock                                 ;
; Family                             ; Cyclone II                               ;
; Device                             ; EP2C35F672C8                             ;
; Timing Models                      ; Final                                    ;
; Total logic elements               ; 1,601 / 33,216 ( 5 % )                   ;
;     Total combinational functions  ; 1,340 / 33,216 ( 4 % )                   ;
;     Dedicated logic registers      ; 896 / 33,216 ( 3 % )                     ;
; Total registers                    ; 896                                      ;
; Total pins                         ; 21 / 475 ( 4 % )                         ;
; Total virtual pins                 ; 0                                        ;
; Total memory bits                  ; 0 / 483,840 ( 0 % )                      ;
; Embedded Multiplier 9-bit elements ; 0 / 70 ( 0 % )                           ;
; Total PLLs                         ; 0 / 4 ( 0 % )                            ;
+------------------------------------+------------------------------------------+


+-----------------------------------------+
; Flow Settings                           ;
+-------------------+---------------------+
; Option            ; Setting             ;
+-------------------+---------------------+
; Start date & time ; 12/07/2012 20:11:37 ;
; Main task         ; Compilation         ;
; Revision Name     ; Term_4_2            ;
+-------------------+---------------------+


+---------------------------------------------------------------------------------------------------------------------------------------+
; Flow Non-Default Global Settings                                                                                                      ;
+-------------------------------------+------------------------------------------------------+---------------+-------------+------------+
; Assignment Name                     ; Value                                                ; Default Value ; Entity Name ; Section Id ;
+-------------------------------------+------------------------------------------------------+---------------+-------------+------------+
; COMPILER_SIGNATURE_ID               ; 207120306039459.135487869604948                      ; --            ; --          ; --         ;
; MAX_CORE_JUNCTION_TEMP              ; 85                                                   ; --            ; --          ; --         ;
; MIN_CORE_JUNCTION_TEMP              ; 0                                                    ; --            ; --          ; --         ;
; PARTITION_COLOR                     ; 16764057                                             ; --            ; DoorLock    ; Top        ;
; PARTITION_FITTER_PRESERVATION_LEVEL ; PLACEMENT_AND_ROUTING                                ; --            ; DoorLock    ; Top        ;
; PARTITION_NETLIST_TYPE              ; SOURCE                                               ; --            ; DoorLock    ; Top        ;
; PROJECT_OUTPUT_DIRECTORY            ; Z:\Verilog\PIC16C57\sources\Term\sources\outputfiles ; --            ; --          ; --         ;
; TOP_LEVEL_ENTITY                    ; DoorLock                                             ; Term_4_2      ; --          ; --         ;
+-------------------------------------+------------------------------------------------------+---------------+-------------+------------+


+-------------------------------------------------------------------------------------------------------------------------------+
; Flow Elapsed Time                                                                                                             ;
+---------------------------+--------------+-------------------------+---------------------+------------------------------------+
; Module Name               ; Elapsed Time ; Average Processors Used ; Peak Virtual Memory ; Total CPU Time (on all processors) ;
+---------------------------+--------------+-------------------------+---------------------+------------------------------------+
; Analysis & Synthesis      ; 00:02:06     ; 1.0                     ; 420 MB              ; 00:02:04                           ;
; Fitter                    ; 00:00:13     ; 2.4                     ; 513 MB              ; 00:00:14                           ;
; Assembler                 ; 00:00:05     ; 1.0                     ; 381 MB              ; 00:00:04                           ;
; TimeQuest Timing Analyzer ; 00:00:04     ; 1.0                     ; 372 MB              ; 00:00:04                           ;
; Total                     ; 00:02:28     ; --                      ; --                  ; 00:02:26                           ;
+---------------------------+--------------+-------------------------+---------------------+------------------------------------+


+----------------------------------------------------------------------------------------+
; Flow OS Summary                                                                        ;
+---------------------------+------------------+-----------+------------+----------------+
; Module Name               ; Machine Hostname ; OS Name   ; OS Version ; Processor type ;
+---------------------------+------------------+-----------+------------+----------------+
; Analysis & Synthesis      ; hcyang-PC        ; Windows 7 ; 6.1        ; x86_64         ;
; Fitter                    ; hcyang-PC        ; Windows 7 ; 6.1        ; x86_64         ;
; Assembler                 ; hcyang-PC        ; Windows 7 ; 6.1        ; x86_64         ;
; TimeQuest Timing Analyzer ; hcyang-PC        ; Windows 7 ; 6.1        ; x86_64         ;
+---------------------------+------------------+-----------+------------+----------------+


------------
; Flow Log ;
------------
quartus_map --read_settings_files=on --write_settings_files=off Term_4_2 -c Term_4_2
quartus_fit --read_settings_files=off --write_settings_files=off Term_4_2 -c Term_4_2
quartus_asm --read_settings_files=off --write_settings_files=off Term_4_2 -c Term_4_2
quartus_sta Term_4_2 -c Term_4_2



